Logger initialized...
[2026-05-21 09:02:09] 200 |      1.3523ms | GET | /api/categories/13b68dd6-48d9-458b-98b3-b585bf5a0874
Logger initialized...
[2026-05-21 09:02:30] 200 |      3.4729ms | GET | /api/categories
Logger initialized...
[2026-05-21 09:09:25] 200 |       2.663ms | GET | /api/categories
Logger initialized...
[2026-05-21 09:13:46] 200 |      1.6203ms | GET | /api/categories
[2026-05-21 09:13:51] 200 |       1.909ms | GET | /api/categories/13b68dd6-48d9-458b-98b3-b585bf5a0874
Logger initialized...
[2026-05-21 09:19:25] 200 |      4.0339ms | GET | /api/categories
Logger initialized...
Logger initialized...
Logger initialized...
[2026-05-21 09:21:28] 200 |      3.2203ms | GET | /api/categories
[2026-05-21 09:21:39] 200 |       507.5µs | GET | /api/categories
Logger initialized...
[2026-05-21 09:21:45] 200 |      7.6418ms | GET | /api/categories
Logger initialized...
Logger initialized...
Logger initialized...
Logger initialized...
Logger initialized...
Logger initialized...
[2026-05-21 11:56:51] 200 |      1.6453ms | GET | /api/categories
[2026-05-21 11:56:54] 404 |      3.3147ms | GET | /api/categories/13b68dd6-48d9-458b-98b3-b585bf5a0874
[2026-05-21 11:56:55] 404 |       508.6µs | GET | /api/categories/13b68dd6-48d9-458b-98b3-b585bf5a0874
[2026-05-21 11:57:09] 200 |       1.027ms | GET | /api/categories/08cf5829-ef2a-41fa-9fc6-92f0c3080090
[2026-05-21 11:57:15] 200 |       6.662ms | POST | /api/categories
[2026-05-21 11:57:26] 200 |     19.1135ms | PUT | /api/categories/de2634f8-fbc9-4e35-93ce-4d54908ebda2
[2026-05-21 11:57:40] 404 |      1.5073ms | DELETE | /api/categories/42d5fcbf-27b6-40f6-a8ff-f2df9c7c32f4
[2026-05-21 11:57:45] 200 |     29.1685ms | DELETE | /api/categories/de2634f8-fbc9-4e35-93ce-4d54908ebda2
